TN:
SF:src/controllers/index.ts
FNF:0
FNH:0
DA:1,1
LF:1
LH:1
BRF:0
BRH:0
end_of_record
TN:
SF:src/controllers/user.ts
FN:8,(anonymous_14)
FN:8,(anonymous_15)
FN:13,(anonymous_17)
FN:13,(anonymous_18)
FN:33,(anonymous_20)
FN:33,(anonymous_21)
FN:50,(anonymous_23)
FN:50,(anonymous_24)
FNF:8
FNH:8
FNDA:3,(anonymous_14)
FNDA:3,(anonymous_15)
FNDA:2,(anonymous_17)
FNDA:2,(anonymous_18)
FNDA:7,(anonymous_20)
FNDA:7,(anonymous_21)
FNDA:2,(anonymous_23)
FNDA:2,(anonymous_24)
DA:2,1
DA:3,1
DA:4,1
DA:5,1
DA:6,1
DA:8,3
DA:9,3
DA:10,3
DA:13,2
DA:14,2
DA:16,2
DA:17,2
DA:19,1
DA:20,1
DA:22,1
DA:28,1
DA:30,1
DA:33,7
DA:34,7
DA:36,7
DA:38,7
DA:40,6
DA:41,12
DA:43,6
DA:45,6
DA:47,6
DA:50,2
DA:51,2
DA:52,2
LF:29
LH:29
BRDA:10,0,0,3
BRDA:10,0,1,2
BRDA:17,1,0,1
BRDA:17,1,1,1
BRDA:20,2,0,0
BRDA:20,2,1,1
BRDA:38,3,0,1
BRDA:38,3,1,6
BRF:8
BRH:7
end_of_record
TN:
SF:src/libs/errors/bad-request-error.ts
FN:3,(anonymous_6)
FN:4,BadRequestError
FN:11,(anonymous_8)
FNF:3
FNH:3
FNDA:1,(anonymous_6)
FNDA:1,BadRequestError
FNDA:1,(anonymous_8)
DA:1,1
DA:3,1
DA:4,1
DA:5,1
DA:8,1
DA:10,1
DA:11,1
DA:12,1
DA:14,1
LF:9
LH:9
BRDA:4,0,0,0
BRDA:4,0,1,1
BRDA:5,1,0,1
BRDA:5,1,1,0
BRF:4
BRH:2
end_of_record
TN:
SF:src/libs/errors/database-connection-error.ts
FN:3,(anonymous_6)
FN:4,DatabaseConnectionError
FN:10,(anonymous_8)
FNF:3
FNH:3
FNDA:1,(anonymous_6)
FNDA:1,DatabaseConnectionError
FNDA:1,(anonymous_8)
DA:1,1
DA:3,1
DA:4,1
DA:5,1
DA:8,1
DA:10,1
DA:11,1
DA:13,1
LF:8
LH:8
BRDA:4,0,0,0
BRDA:4,0,1,1
BRDA:4,1,0,0
BRDA:4,1,1,1
BRDA:5,2,0,1
BRDA:5,2,1,0
BRF:6
BRH:3
end_of_record
TN:
SF:src/libs/errors/error-interfaces.ts
FN:1,(anonymous_6)
FN:4,CustomError
FNF:2
FNH:2
FNDA:1,(anonymous_6)
FNDA:8,CustomError
DA:1,1
DA:5,8
DA:8,8
DA:10,1
LF:4
LH:4
BRDA:5,0,0,8
BRDA:5,0,1,0
BRF:2
BRH:1
end_of_record
TN:
SF:src/libs/errors/index.ts
FN:1,(anonymous_0)
FN:2,(anonymous_1)
FN:3,(anonymous_2)
FN:4,(anonymous_3)
FN:5,(anonymous_4)
FNF:5
FNH:3
FNDA:1,(anonymous_0)
FNDA:6,(anonymous_1)
FNDA:0,(anonymous_2)
FNDA:1,(anonymous_3)
FNDA:0,(anonymous_4)
DA:1,2
DA:2,7
DA:3,1
DA:4,2
DA:5,1
LF:5
LH:5
BRF:0
BRH:0
end_of_record
TN:
SF:src/libs/errors/not-authorized-error.ts
FN:3,(anonymous_6)
FN:5,NotAuthorizedError
FN:10,(anonymous_8)
FNF:3
FNH:1
FNDA:1,(anonymous_6)
FNDA:0,NotAuthorizedError
FNDA:0,(anonymous_8)
DA:1,1
DA:3,1
DA:4,0
DA:6,0
DA:8,0
DA:10,1
DA:11,0
DA:13,1
LF:8
LH:4
BRDA:6,0,0,0
BRDA:6,0,1,0
BRF:2
BRH:0
end_of_record
TN:
SF:src/libs/errors/not-found-error.ts
FN:3,(anonymous_6)
FN:4,NotFoundError
FN:11,(anonymous_8)
FNF:3
FNH:1
FNDA:1,(anonymous_6)
FNDA:0,NotFoundError
FNDA:0,(anonymous_8)
DA:1,1
DA:3,1
DA:5,0
DA:8,0
DA:10,0
DA:11,1
DA:12,0
DA:14,1
LF:8
LH:4
BRDA:5,0,0,0
BRDA:5,0,1,0
BRF:2
BRH:0
end_of_record
TN:
SF:src/libs/errors/request-validation-error.ts
FN:4,(anonymous_6)
FN:5,RequestValidationError
FN:11,(anonymous_8)
FN:12,(anonymous_9)
FNF:4
FNH:4
FNDA:1,(anonymous_6)
FNDA:6,RequestValidationError
FNDA:6,(anonymous_8)
FNDA:6,(anonymous_9)
DA:2,1
DA:4,1
DA:5,12
DA:6,6
DA:9,6
DA:11,1
DA:12,6
DA:13,6
DA:19,1
LF:9
LH:9
BRDA:5,0,0,6
BRDA:5,0,1,0
BRDA:6,1,0,6
BRDA:6,1,1,0
BRF:4
BRH:2
end_of_record
TN:
SF:src/libs/passwords/index.ts
FN:6,(anonymous_13)
FN:7,(anonymous_15)
FN:12,(anonymous_18)
FNF:3
FNH:3
FNDA:1,(anonymous_13)
FNDA:6,(anonymous_15)
FNDA:1,(anonymous_18)
DA:1,1
DA:2,1
DA:4,1
DA:6,1
DA:7,1
DA:8,6
DA:9,6
DA:10,6
DA:12,1
DA:13,1
DA:14,1
DA:15,1
DA:17,1
LF:13
LH:13
BRF:0
BRH:0
end_of_record
TN:
SF:src/middlewares/current-user.ts
FN:11,(anonymous_1)
FNF:1
FNH:1
FNDA:20,(anonymous_1)
DA:2,1
DA:11,1
DA:12,20
DA:14,1
DA:15,1
DA:17,1
LF:6
LH:6
BRDA:12,0,0,19
BRDA:12,0,1,1
BRDA:12,1,0,0
BRDA:12,1,1,20
BRDA:12,2,0,20
BRDA:12,2,1,20
BRF:6
BRH:5
end_of_record
TN:
SF:src/middlewares/error-handler.ts
FN:5,(anonymous_0)
FNF:1
FNH:1
FNDA:8,(anonymous_0)
DA:2,1
DA:3,1
DA:5,1
DA:6,8
DA:7,8
DA:8,8
DA:10,0
DA:11,0
LF:8
LH:6
BRDA:6,0,0,8
BRDA:6,0,1,0
BRF:2
BRH:1
end_of_record
TN:
SF:src/middlewares/index.ts
FN:1,(anonymous_0)
FN:2,(anonymous_1)
FN:3,(anonymous_2)
FN:4,(anonymous_3)
FNF:4
FNH:3
FNDA:1,(anonymous_0)
FNDA:1,(anonymous_1)
FNDA:0,(anonymous_2)
FNDA:2,(anonymous_3)
DA:1,2
DA:2,2
DA:3,1
DA:4,3
LF:4
LH:4
BRF:0
BRH:0
end_of_record
TN:
SF:src/middlewares/require-auth.ts
FN:4,(anonymous_0)
FNF:1
FNH:0
FNDA:0,(anonymous_0)
DA:2,1
DA:4,1
DA:5,0
DA:6,0
LF:4
LH:2
BRDA:5,0,0,0
BRDA:5,0,1,0
BRF:2
BRH:0
end_of_record
TN:
SF:src/middlewares/validate-request.ts
FN:6,(anonymous_0)
FNF:1
FNH:1
FNDA:15,(anonymous_0)
DA:2,1
DA:4,1
DA:6,1
DA:7,15
DA:9,15
DA:11,9
LF:6
LH:6
BRDA:9,0,0,6
BRDA:9,0,1,9
BRF:2
BRH:2
end_of_record
TN:
SF:src/models/user.ts
FN:37,(anonymous_14)
FN:47,(anonymous_15)
FN:55,(anonymous_18)
FNF:3
FNH:3
FNDA:7,(anonymous_14)
FNDA:6,(anonymous_15)
FNDA:6,(anonymous_18)
DA:1,1
DA:2,1
DA:23,1
DA:38,7
DA:39,7
DA:40,7
DA:41,7
DA:47,1
DA:48,6
DA:49,6
DA:50,6
DA:52,6
DA:55,1
DA:56,6
DA:59,1
DA:61,1
LF:16
LH:16
BRDA:48,0,0,0
BRDA:48,0,1,6
BRF:2
BRH:1
end_of_record
TN:
SF:src/utils/index.ts
FNF:0
FNH:0
DA:1,1
LF:1
LH:1
BRF:0
BRH:0
end_of_record
TN:
SF:src/utils/response.ts
FN:3,jsonResponse
FN:15,successRes
FN:19,failRes
FN:28,response
FNF:4
FNH:4
FNDA:20,jsonResponse
FNDA:12,successRes
FNDA:8,failRes
FNDA:20,response
DA:6,20
DA:8,20
DA:11,20
DA:12,20
DA:15,12
DA:16,12
DA:19,8
DA:20,8
DA:28,1
DA:31,20
DA:36,20
DA:38,6
DA:41,6
DA:44,8
DA:47,0
DA:50,0
DA:53,0
DA:56,0
DA:59,0
LF:19
LH:14
BRDA:6,0,0,0
BRDA:6,0,1,20
BRDA:8,1,0,0
BRDA:8,1,1,20
BRDA:15,2,0,0
BRDA:15,2,1,12
BRDA:15,3,0,0
BRDA:15,3,1,12
BRDA:19,4,0,0
BRDA:19,4,1,8
BRDA:19,5,0,0
BRDA:19,5,1,8
BRDA:20,6,0,8
BRDA:20,6,1,0
BRDA:31,7,0,0
BRDA:31,7,1,20
BRDA:37,8,0,6
BRDA:37,8,1,6
BRDA:37,8,2,8
BRDA:37,8,3,0
BRDA:37,8,4,0
BRDA:37,8,5,0
BRDA:37,8,6,0
BRDA:37,8,7,0
BRDA:38,9,0,6
BRDA:38,9,1,6
BRDA:41,10,0,6
BRDA:41,10,1,6
BRDA:44,11,0,8
BRDA:44,11,1,0
BRDA:47,12,0,0
BRDA:47,12,1,0
BRDA:50,13,0,0
BRDA:50,13,1,0
BRDA:53,14,0,0
BRDA:53,14,1,0
BRDA:56,15,0,0
BRDA:56,15,1,0
BRDA:59,16,0,0
BRDA:59,16,1,0
BRF:40
BRH:16
end_of_record
